Error: listen EADDRINUSE: address already in use 0.0.0.0:8090
    at Server.setupListenHandle [as _listen2] (net.js:1279:14)
    at listenInCluster (net.js:1327:12)
    at doListen (net.js:1460:7)
    at process._tickCallback (internal/process/next_tick.js:63:19)
    at Function.Module.runMain (internal/modules/cjs/loader.js:834:11)
    at Object.<anonymous> (/Users/ehein/Documents/dev-intern/ng-spec-shot-reviewer/server/node_modules/ts-node/src/bin.ts:157:12)
    at Module._compile (internal/modules/cjs/loader.js:778:30)
    at Object.Module._extensions..js (internal/modules/cjs/loader.js:789:10)
    at Module.load (internal/modules/cjs/loader.js:653:32)
    at tryModuleLoad (internal/modules/cjs/loader.js:593:12)
Error: listen EADDRINUSE: address already in use 0.0.0.0:8090
    at Server.setupListenHandle [as _listen2] (net.js:1279:14)
    at listenInCluster (net.js:1327:12)
    at doListen (net.js:1460:7)
    at process._tickCallback (internal/process/next_tick.js:63:19)
    at Function.Module.runMain (internal/modules/cjs/loader.js:834:11)
    at Object.<anonymous> (/Users/ehein/Documents/dev-intern/ng-spec-shot-reviewer/server/node_modules/ts-node/src/bin.ts:157:12)
    at Module._compile (internal/modules/cjs/loader.js:778:30)
    at Object.Module._extensions..js (internal/modules/cjs/loader.js:789:10)
    at Module.load (internal/modules/cjs/loader.js:653:32)
    at tryModuleLoad (internal/modules/cjs/loader.js:593:12)
Error: listen EADDRINUSE: address already in use 0.0.0.0:8090
    at Server.setupListenHandle [as _listen2] (net.js:1279:14)
    at listenInCluster (net.js:1327:12)
    at doListen (net.js:1460:7)
    at process._tickCallback (internal/process/next_tick.js:63:19)
    at Function.Module.runMain (internal/modules/cjs/loader.js:834:11)
    at Object.<anonymous> (/Users/ehein/Documents/dev-intern/ng-spec-shot-reviewer/server/node_modules/ts-node/src/bin.ts:157:12)
    at Module._compile (internal/modules/cjs/loader.js:778:30)
    at Object.Module._extensions..js (internal/modules/cjs/loader.js:789:10)
    at Module.load (internal/modules/cjs/loader.js:653:32)
    at tryModuleLoad (internal/modules/cjs/loader.js:593:12)
Error: listen EADDRINUSE: address already in use 0.0.0.0:8090
    at Server.setupListenHandle [as _listen2] (net.js:1279:14)
    at listenInCluster (net.js:1327:12)
    at doListen (net.js:1460:7)
    at process._tickCallback (internal/process/next_tick.js:63:19)
    at Function.Module.runMain (internal/modules/cjs/loader.js:834:11)
    at Object.<anonymous> (/Users/ehein/Documents/dev-intern/ng-spec-shot-reviewer/server/node_modules/ts-node/src/bin.ts:157:12)
    at Module._compile (internal/modules/cjs/loader.js:778:30)
    at Object.Module._extensions..js (internal/modules/cjs/loader.js:789:10)
    at Module.load (internal/modules/cjs/loader.js:653:32)
    at tryModuleLoad (internal/modules/cjs/loader.js:593:12)
Error: listen EADDRINUSE: address already in use 0.0.0.0:8090
    at Server.setupListenHandle [as _listen2] (net.js:1279:14)
    at listenInCluster (net.js:1327:12)
    at doListen (net.js:1460:7)
    at process._tickCallback (internal/process/next_tick.js:63:19)
    at Function.Module.runMain (internal/modules/cjs/loader.js:834:11)
    at Object.<anonymous> (/Users/ehein/Documents/dev-intern/ng-spec-shot-reviewer/server/node_modules/ts-node/src/bin.ts:157:12)
    at Module._compile (internal/modules/cjs/loader.js:778:30)
    at Object.Module._extensions..js (internal/modules/cjs/loader.js:789:10)
    at Module.load (internal/modules/cjs/loader.js:653:32)
    at tryModuleLoad (internal/modules/cjs/loader.js:593:12)
Error: listen EADDRINUSE: address already in use 0.0.0.0:8090
    at Server.setupListenHandle [as _listen2] (net.js:1279:14)
    at listenInCluster (net.js:1327:12)
    at doListen (net.js:1460:7)
    at process._tickCallback (internal/process/next_tick.js:63:19)
    at Function.Module.runMain (internal/modules/cjs/loader.js:834:11)
    at Object.<anonymous> (/Users/ehein/Documents/dev-intern/ng-spec-shot-reviewer/server/node_modules/ts-node/src/bin.ts:157:12)
    at Module._compile (internal/modules/cjs/loader.js:778:30)
    at Object.Module._extensions..js (internal/modules/cjs/loader.js:789:10)
    at Module.load (internal/modules/cjs/loader.js:653:32)
    at tryModuleLoad (internal/modules/cjs/loader.js:593:12)
Error: listen EADDRINUSE: address already in use 0.0.0.0:8090
    at Server.setupListenHandle [as _listen2] (net.js:1279:14)
    at listenInCluster (net.js:1327:12)
    at doListen (net.js:1460:7)
    at process._tickCallback (internal/process/next_tick.js:63:19)
    at Function.Module.runMain (internal/modules/cjs/loader.js:834:11)
    at Object.<anonymous> (/Users/ehein/Documents/dev-intern/ng-spec-shot-reviewer/server/node_modules/ts-node/src/bin.ts:157:12)
    at Module._compile (internal/modules/cjs/loader.js:778:30)
    at Object.Module._extensions..js (internal/modules/cjs/loader.js:789:10)
    at Module.load (internal/modules/cjs/loader.js:653:32)
    at tryModuleLoad (internal/modules/cjs/loader.js:593:12)
events.js:55
    throw new errors.ERR_INVALID_ARG_TYPE('listener', 'Function', listener);
    ^

TypeError [ERR_INVALID_ARG_TYPE]: The "listener" argument must be of type Function. Received type boolean
    at checkListener (events.js:55:11)
    at _addListener (events.js:214:3)
    at process.addListener (events.js:272:10)
    at Object.<anonymous> (/Users/ehein/Documents/dev-intern/ng-spec-shot-reviewer/client/scripts/start-server.js:35:9)
    at Module._compile (internal/modules/cjs/loader.js:778:30)
    at Object.Module._extensions..js (internal/modules/cjs/loader.js:789:10)
    at Module.load (internal/modules/cjs/loader.js:653:32)
    at tryModuleLoad (internal/modules/cjs/loader.js:593:12)
    at Function.Module._load (internal/modules/cjs/loader.js:585:3)
    at Function.Module.runMain (internal/modules/cjs/loader.js:831:12)
Error: listen EADDRINUSE: address already in use 0.0.0.0:8090
    at Server.setupListenHandle [as _listen2] (net.js:1279:14)
    at listenInCluster (net.js:1327:12)
    at doListen (net.js:1460:7)
    at process._tickCallback (internal/process/next_tick.js:63:19)
    at Function.Module.runMain (internal/modules/cjs/loader.js:834:11)
    at Object.<anonymous> (/Users/ehein/Documents/dev-intern/ng-spec-shot-reviewer/server/node_modules/ts-node/src/bin.ts:157:12)
    at Module._compile (internal/modules/cjs/loader.js:778:30)
    at Object.Module._extensions..js (internal/modules/cjs/loader.js:789:10)
    at Module.load (internal/modules/cjs/loader.js:653:32)
    at tryModuleLoad (internal/modules/cjs/loader.js:593:12)
